  main.cpp
  ofApp.cpp
  Projectile.cpp
  Rock.cpp
C:\Users\User\OneDrive - Carleton University\of_v0.12.0_vs_release\libs\openFrameworks\math\ofMatrix4x4.h(326,20): warning C4267: 'argument': conversion from 'size_t' to 'int', possible loss of data (compiling source file src\main.cpp)
C:\Users\User\OneDrive - Carleton University\of_v0.12.0_vs_release\libs\openFrameworks\math\ofMatrix4x4.h(331,20): warning C4267: 'argument': conversion from 'size_t' to 'int', possible loss of data (compiling source file src\main.cpp)
C:\Users\User\OneDrive - Carleton University\of_v0.12.0_vs_release\libs\openFrameworks\math\ofMatrix4x4.h(912,11): warning C4267: 'argument': conversion from 'size_t' to 'int', possible loss of data (compiling source file src\main.cpp)
C:\Users\User\OneDrive - Carleton University\of_v0.12.0_vs_release\libs\openFrameworks\math\ofMatrix4x4.h(913,11): warning C4267: 'argument': conversion from 'size_t' to 'int', possible loss of data (compiling source file src\main.cpp)
C:\Users\User\OneDrive - Carleton University\of_v0.12.0_vs_release\libs\openFrameworks\math\ofMatrix4x4.h(914,11): warning C4267: 'argument': conversion from 'size_t' to 'int', possible loss of data (compiling source file src\main.cpp)
C:\Users\User\OneDrive - Carleton University\of_v0.12.0_vs_release\libs\openFrameworks\math\ofMatrix4x4.h(915,11): warning C4267: 'argument': conversion from 'size_t' to 'int', possible loss of data (compiling source file src\main.cpp)
C:\Users\User\OneDrive - Carleton University\of_v0.12.0_vs_release\libs\openFrameworks\math\ofMatrix4x4.h(326,20): warning C4267: 'argument': conversion from 'size_t' to 'int', possible loss of data (compiling source file src\Rock.cpp)
C:\Users\User\OneDrive - Carleton University\of_v0.12.0_vs_release\libs\openFrameworks\math\ofMatrix4x4.h(331,20): warning C4267: 'argument': conversion from 'size_t' to 'int', possible loss of data (compiling source file src\Rock.cpp)
C:\Users\User\OneDrive - Carleton University\of_v0.12.0_vs_release\libs\openFrameworks\math\ofMatrix4x4.h(912,11): warning C4267: 'argument': conversion from 'size_t' to 'int', possible loss of data (compiling source file src\Rock.cpp)
C:\Users\User\OneDrive - Carleton University\of_v0.12.0_vs_release\libs\openFrameworks\math\ofMatrix4x4.h(913,11): warning C4267: 'argument': conversion from 'size_t' to 'int', possible loss of data (compiling source file src\Rock.cpp)
C:\Users\User\OneDrive - Carleton University\of_v0.12.0_vs_release\libs\openFrameworks\math\ofMatrix4x4.h(914,11): warning C4267: 'argument': conversion from 'size_t' to 'int', possible loss of data (compiling source file src\Rock.cpp)
C:\Users\User\OneDrive - Carleton University\of_v0.12.0_vs_release\libs\openFrameworks\math\ofMatrix4x4.h(915,11): warning C4267: 'argument': conversion from 'size_t' to 'int', possible loss of data (compiling source file src\Rock.cpp)
C:\Users\User\OneDrive - Carleton University\of_v0.12.0_vs_release\libs\openFrameworks\math\ofMatrix4x4.h(326,20): warning C4267: 'argument': conversion from 'size_t' to 'int', possible loss of data (compiling source file src\ofApp.cpp)
C:\Users\User\OneDrive - Carleton University\of_v0.12.0_vs_release\libs\openFrameworks\math\ofMatrix4x4.h(331,20): warning C4267: 'argument': conversion from 'size_t' to 'int', possible loss of data (compiling source file src\ofApp.cpp)
C:\Users\User\OneDrive - Carleton University\of_v0.12.0_vs_release\libs\openFrameworks\math\ofMatrix4x4.h(912,11): warning C4267: 'argument': conversion from 'size_t' to 'int', possible loss of data (compiling source file src\ofApp.cpp)
C:\Users\User\OneDrive - Carleton University\of_v0.12.0_vs_release\libs\openFrameworks\math\ofMatrix4x4.h(913,11): warning C4267: 'argument': conversion from 'size_t' to 'int', possible loss of data (compiling source file src\ofApp.cpp)
C:\Users\User\OneDrive - Carleton University\of_v0.12.0_vs_release\libs\openFrameworks\math\ofMatrix4x4.h(914,11): warning C4267: 'argument': conversion from 'size_t' to 'int', possible loss of data (compiling source file src\ofApp.cpp)
C:\Users\User\OneDrive - Carleton University\of_v0.12.0_vs_release\libs\openFrameworks\math\ofMatrix4x4.h(915,11): warning C4267: 'argument': conversion from 'size_t' to 'int', possible loss of data (compiling source file src\ofApp.cpp)
  BaseEngine.cpp
  DefaultTheme.cpp
  EngineGLFW.cpp
  EngineOpenFrameworks.cpp
  EngineOpenGLES.cpp
  Gui.cpp
  ImHelpers.cpp
  ofxImGuiLoggerChannel.cpp
C:\Users\User\OneDrive - Carleton University\of_v0.12.0_vs_release\libs\openFrameworks\math\ofMatrix4x4.h(326,20): warning C4267: 'argument': conversion from 'size_t' to 'int', possible loss of data (compiling source file ..\..\..\addons\ofxImGui\src\ofxImGuiLoggerChannel.cpp)
C:\Users\User\OneDrive - Carleton University\of_v0.12.0_vs_release\libs\openFrameworks\math\ofMatrix4x4.h(331,20): warning C4267: 'argument': conversion from 'size_t' to 'int', possible loss of data (compiling source file ..\..\..\addons\ofxImGui\src\ofxImGuiLoggerChannel.cpp)
C:\Users\User\OneDrive - Carleton University\of_v0.12.0_vs_release\libs\openFrameworks\math\ofMatrix4x4.h(326,20): warning C4267: 'argument': conversion from 'size_t' to 'int', possible loss of data (compiling source file ..\..\..\addons\ofxImGui\src\DefaultTheme.cpp)
C:\Users\User\OneDrive - Carleton University\of_v0.12.0_vs_release\libs\openFrameworks\math\ofMatrix4x4.h(331,20): warning C4267: 'argument': conversion from 'size_t' to 'int', possible loss of data (compiling source file ..\..\..\addons\ofxImGui\src\DefaultTheme.cpp)
C:\Users\User\OneDrive - Carleton University\of_v0.12.0_vs_release\libs\openFrameworks\math\ofMatrix4x4.h(912,11): warning C4267: 'argument': conversion from 'size_t' to 'int', possible loss of data (compiling source file ..\..\..\addons\ofxImGui\src\ofxImGuiLoggerChannel.cpp)
C:\Users\User\OneDrive - Carleton University\of_v0.12.0_vs_release\libs\openFrameworks\math\ofMatrix4x4.h(913,11): warning C4267: 'argument': conversion from 'size_t' to 'int', possible loss of data (compiling source file ..\..\..\addons\ofxImGui\src\ofxImGuiLoggerChannel.cpp)
C:\Users\User\OneDrive - Carleton University\of_v0.12.0_vs_release\libs\openFrameworks\math\ofMatrix4x4.h(914,11): warning C4267: 'argument': conversion from 'size_t' to 'int', possible loss of data (compiling source file ..\..\..\addons\ofxImGui\src\ofxImGuiLoggerChannel.cpp)
C:\Users\User\OneDrive - Carleton University\of_v0.12.0_vs_release\libs\openFrameworks\math\ofMatrix4x4.h(915,11): warning C4267: 'argument': conversion from 'size_t' to 'int', possible loss of data (compiling source file ..\..\..\addons\ofxImGui\src\ofxImGuiLoggerChannel.cpp)
C:\Users\User\OneDrive - Carleton University\of_v0.12.0_vs_release\libs\openFrameworks\math\ofMatrix4x4.h(912,11): warning C4267: 'argument': conversion from 'size_t' to 'int', possible loss of data (compiling source file ..\..\..\addons\ofxImGui\src\DefaultTheme.cpp)
C:\Users\User\OneDrive - Carleton University\of_v0.12.0_vs_release\libs\openFrameworks\math\ofMatrix4x4.h(913,11): warning C4267: 'argument': conversion from 'size_t' to 'int', possible loss of data (compiling source file ..\..\..\addons\ofxImGui\src\DefaultTheme.cpp)
C:\Users\User\OneDrive - Carleton University\of_v0.12.0_vs_release\libs\openFrameworks\math\ofMatrix4x4.h(914,11): warning C4267: 'argument': conversion from 'size_t' to 'int', possible loss of data (compiling source file ..\..\..\addons\ofxImGui\src\DefaultTheme.cpp)
C:\Users\User\OneDrive - Carleton University\of_v0.12.0_vs_release\libs\openFrameworks\math\ofMatrix4x4.h(915,11): warning C4267: 'argument': conversion from 'size_t' to 'int', possible loss of data (compiling source file ..\..\..\addons\ofxImGui\src\DefaultTheme.cpp)
C:\Users\User\OneDrive - Carleton University\of_v0.12.0_vs_release\libs\openFrameworks\math\ofMatrix4x4.h(326,20): warning C4267: 'argument': conversion from 'size_t' to 'int', possible loss of data (compiling source file ..\..\..\addons\ofxImGui\src\EngineOpenFrameworks.cpp)
C:\Users\User\OneDrive - Carleton University\of_v0.12.0_vs_release\libs\openFrameworks\math\ofMatrix4x4.h(331,20): warning C4267: 'argument': conversion from 'size_t' to 'int', possible loss of data (compiling source file ..\..\..\addons\ofxImGui\src\EngineOpenFrameworks.cpp)
C:\Users\User\OneDrive - Carleton University\of_v0.12.0_vs_release\libs\openFrameworks\math\ofMatrix4x4.h(912,11): warning C4267: 'argument': conversion from 'size_t' to 'int', possible loss of data (compiling source file ..\..\..\addons\ofxImGui\src\EngineOpenFrameworks.cpp)
C:\Users\User\OneDrive - Carleton University\of_v0.12.0_vs_release\libs\openFrameworks\math\ofMatrix4x4.h(913,11): warning C4267: 'argument': conversion from 'size_t' to 'int', possible loss of data (compiling source file ..\..\..\addons\ofxImGui\src\EngineOpenFrameworks.cpp)
C:\Users\User\OneDrive - Carleton University\of_v0.12.0_vs_release\libs\openFrameworks\math\ofMatrix4x4.h(914,11): warning C4267: 'argument': conversion from 'size_t' to 'int', possible loss of data (compiling source file ..\..\..\addons\ofxImGui\src\EngineOpenFrameworks.cpp)
C:\Users\User\OneDrive - Carleton University\of_v0.12.0_vs_release\libs\openFrameworks\math\ofMatrix4x4.h(915,11): warning C4267: 'argument': conversion from 'size_t' to 'int', possible loss of data (compiling source file ..\..\..\addons\ofxImGui\src\EngineOpenFrameworks.cpp)
C:\Users\User\OneDrive - Carleton University\of_v0.12.0_vs_release\libs\openFrameworks\math\ofMatrix4x4.h(326,20): warning C4267: 'argument': conversion from 'size_t' to 'int', possible loss of data (compiling source file ..\..\..\addons\ofxImGui\src\BaseEngine.cpp)
C:\Users\User\OneDrive - Carleton University\of_v0.12.0_vs_release\libs\openFrameworks\math\ofMatrix4x4.h(331,20): warning C4267: 'argument': conversion from 'size_t' to 'int', possible loss of data (compiling source file ..\..\..\addons\ofxImGui\src\BaseEngine.cpp)
C:\Users\User\OneDrive - Carleton University\of_v0.12.0_vs_release\libs\openFrameworks\math\ofMatrix4x4.h(912,11): warning C4267: 'argument': conversion from 'size_t' to 'int', possible loss of data (compiling source file ..\..\..\addons\ofxImGui\src\BaseEngine.cpp)
C:\Users\User\OneDrive - Carleton University\of_v0.12.0_vs_release\libs\openFrameworks\math\ofMatrix4x4.h(913,11): warning C4267: 'argument': conversion from 'size_t' to 'int', possible loss of data (compiling source file ..\..\..\addons\ofxImGui\src\BaseEngine.cpp)
C:\Users\User\OneDrive - Carleton University\of_v0.12.0_vs_release\libs\openFrameworks\math\ofMatrix4x4.h(914,11): warning C4267: 'argument': conversion from 'size_t' to 'int', possible loss of data (compiling source file ..\..\..\addons\ofxImGui\src\BaseEngine.cpp)
C:\Users\User\OneDrive - Carleton University\of_v0.12.0_vs_release\libs\openFrameworks\math\ofMatrix4x4.h(915,11): warning C4267: 'argument': conversion from 'size_t' to 'int', possible loss of data (compiling source file ..\..\..\addons\ofxImGui\src\BaseEngine.cpp)
C:\Users\User\OneDrive - Carleton University\of_v0.12.0_vs_release\libs\openFrameworks\math\ofMatrix4x4.h(326,20): warning C4267: 'argument': conversion from 'size_t' to 'int', possible loss of data (compiling source file ..\..\..\addons\ofxImGui\src\Gui.cpp)
C:\Users\User\OneDrive - Carleton University\of_v0.12.0_vs_release\libs\openFrameworks\math\ofMatrix4x4.h(331,20): warning C4267: 'argument': conversion from 'size_t' to 'int', possible loss of data (compiling source file ..\..\..\addons\ofxImGui\src\Gui.cpp)
C:\Users\User\OneDrive - Carleton University\of_v0.12.0_vs_release\libs\openFrameworks\math\ofMatrix4x4.h(912,11): warning C4267: 'argument': conversion from 'size_t' to 'int', possible loss of data (compiling source file ..\..\..\addons\ofxImGui\src\Gui.cpp)
C:\Users\User\OneDrive - Carleton University\of_v0.12.0_vs_release\libs\openFrameworks\math\ofMatrix4x4.h(913,11): warning C4267: 'argument': conversion from 'size_t' to 'int', possible loss of data (compiling source file ..\..\..\addons\ofxImGui\src\Gui.cpp)
C:\Users\User\OneDrive - Carleton University\of_v0.12.0_vs_release\libs\openFrameworks\math\ofMatrix4x4.h(914,11): warning C4267: 'argument': conversion from 'size_t' to 'int', possible loss of data (compiling source file ..\..\..\addons\ofxImGui\src\Gui.cpp)
C:\Users\User\OneDrive - Carleton University\of_v0.12.0_vs_release\libs\openFrameworks\math\ofMatrix4x4.h(915,11): warning C4267: 'argument': conversion from 'size_t' to 'int', possible loss of data (compiling source file ..\..\..\addons\ofxImGui\src\Gui.cpp)
C:\Users\User\OneDrive - Carleton University\of_v0.12.0_vs_release\libs\openFrameworks\math\ofMatrix4x4.h(326,20): warning C4267: 'argument': conversion from 'size_t' to 'int', possible loss of data (compiling source file ..\..\..\addons\ofxImGui\src\ImHelpers.cpp)
C:\Users\User\OneDrive - Carleton University\of_v0.12.0_vs_release\libs\openFrameworks\math\ofMatrix4x4.h(331,20): warning C4267: 'argument': conversion from 'size_t' to 'int', possible loss of data (compiling source file ..\..\..\addons\ofxImGui\src\ImHelpers.cpp)
C:\Users\User\OneDrive - Carleton University\of_v0.12.0_vs_release\libs\openFrameworks\math\ofMatrix4x4.h(912,11): warning C4267: 'argument': conversion from 'size_t' to 'int', possible loss of data (compiling source file ..\..\..\addons\ofxImGui\src\ImHelpers.cpp)
C:\Users\User\OneDrive - Carleton University\of_v0.12.0_vs_release\libs\openFrameworks\math\ofMatrix4x4.h(913,11): warning C4267: 'argument': conversion from 'size_t' to 'int', possible loss of data (compiling source file ..\..\..\addons\ofxImGui\src\ImHelpers.cpp)
C:\Users\User\OneDrive - Carleton University\of_v0.12.0_vs_release\libs\openFrameworks\math\ofMatrix4x4.h(914,11): warning C4267: 'argument': conversion from 'size_t' to 'int', possible loss of data (compiling source file ..\..\..\addons\ofxImGui\src\ImHelpers.cpp)
C:\Users\User\OneDrive - Carleton University\of_v0.12.0_vs_release\libs\openFrameworks\math\ofMatrix4x4.h(915,11): warning C4267: 'argument': conversion from 'size_t' to 'int', possible loss of data (compiling source file ..\..\..\addons\ofxImGui\src\ImHelpers.cpp)
C:\Users\User\OneDrive - Carleton University\of_v0.12.0_vs_release\libs\openFrameworks\math\ofMatrix4x4.h(326,20): warning C4267: 'argument': conversion from 'size_t' to 'int', possible loss of data (compiling source file ..\..\..\addons\ofxImGui\src\EngineGLFW.cpp)
C:\Users\User\OneDrive - Carleton University\of_v0.12.0_vs_release\libs\openFrameworks\math\ofMatrix4x4.h(331,20): warning C4267: 'argument': conversion from 'size_t' to 'int', possible loss of data (compiling source file ..\..\..\addons\ofxImGui\src\EngineGLFW.cpp)
C:\Users\User\OneDrive - Carleton University\of_v0.12.0_vs_release\libs\openFrameworks\math\ofMatrix4x4.h(912,11): warning C4267: 'argument': conversion from 'size_t' to 'int', possible loss of data (compiling source file ..\..\..\addons\ofxImGui\src\EngineGLFW.cpp)
C:\Users\User\OneDrive - Carleton University\of_v0.12.0_vs_release\libs\openFrameworks\math\ofMatrix4x4.h(913,11): warning C4267: 'argument': conversion from 'size_t' to 'int', possible loss of data (compiling source file ..\..\..\addons\ofxImGui\src\EngineGLFW.cpp)
C:\Users\User\OneDrive - Carleton University\of_v0.12.0_vs_release\libs\openFrameworks\math\ofMatrix4x4.h(914,11): warning C4267: 'argument': conversion from 'size_t' to 'int', possible loss of data (compiling source file ..\..\..\addons\ofxImGui\src\EngineGLFW.cpp)
C:\Users\User\OneDrive - Carleton University\of_v0.12.0_vs_release\libs\openFrameworks\math\ofMatrix4x4.h(915,11): warning C4267: 'argument': conversion from 'size_t' to 'int', possible loss of data (compiling source file ..\..\..\addons\ofxImGui\src\EngineGLFW.cpp)
C:\Users\User\OneDrive - Carleton University\of_v0.12.0_vs_release\addons\ofxImGui\src\Gui.cpp(416,98): warning C4267: 'argument': conversion from 'size_t' to 'int', possible loss of data
C:\Users\User\OneDrive - Carleton University\of_v0.12.0_vs_release\addons\ofxImGui\src\Gui.cpp(416,78): warning C4267: 'argument': conversion from 'size_t' to 'int', possible loss of data
C:\Users\User\OneDrive - Carleton University\of_v0.12.0_vs_release\addons\ofxImGui\src\ImHelpers.cpp(471,2): warning C4996: 'strcpy': This function or variable may be unsafe. Consider using strcpy_s instead. To disable deprecation, use _CRT_SECURE_NO_WARNINGS. See online help for details.
C:\Users\User\OneDrive - Carleton University\of_v0.12.0_vs_release\addons\ofxImGui\src\ImHelpers.cpp(513,68): warning C4267: 'argument': conversion from 'size_t' to 'int', possible loss of data
C:\Users\User\OneDrive - Carleton University\of_v0.12.0_vs_release\addons\ofxImGui\src\ImHelpers.cpp(538,14): warning C4267: '=': conversion from 'size_t' to 'ParameterType', possible loss of data
          with
          [
              ParameterType=int
          ]
C:\Users\User\OneDrive - Carleton University\of_v0.12.0_vs_release\addons\ofxImGui\src\ImHelpers.cpp(910,47): warning C4267: 'argument': conversion from 'size_t' to 'int', possible loss of data
C:\Users\User\OneDrive - Carleton University\of_v0.12.0_vs_release\addons\ofxImGui\src\ImHelpers.cpp(917,48): warning C4267: 'argument': conversion from 'size_t' to 'int', possible loss of data
  imgui_impl_glfw.cpp
  imgui_impl_glfw_context_support.cpp
  imgui_impl_opengl2.cpp
  imgui_impl_opengl3.cpp
C:\Users\User\OneDrive - Carleton University\of_v0.12.0_vs_release\libs\openFrameworks\math\ofMatrix4x4.h(326,20): warning C4267: 'argument': conversion from 'size_t' to 'int', possible loss of data (compiling source file ..\..\..\addons\ofxImGui\libs\imgui\backends\imgui_impl_glfw_context_support.cpp)
C:\Users\User\OneDrive - Carleton University\of_v0.12.0_vs_release\libs\openFrameworks\math\ofMatrix4x4.h(331,20): warning C4267: 'argument': conversion from 'size_t' to 'int', possible loss of data (compiling source file ..\..\..\addons\ofxImGui\libs\imgui\backends\imgui_impl_glfw_context_support.cpp)
C:\Users\User\OneDrive - Carleton University\of_v0.12.0_vs_release\libs\openFrameworks\math\ofMatrix4x4.h(912,11): warning C4267: 'argument': conversion from 'size_t' to 'int', possible loss of data (compiling source file ..\..\..\addons\ofxImGui\libs\imgui\backends\imgui_impl_glfw_context_support.cpp)
C:\Users\User\OneDrive - Carleton University\of_v0.12.0_vs_release\libs\openFrameworks\math\ofMatrix4x4.h(913,11): warning C4267: 'argument': conversion from 'size_t' to 'int', possible loss of data (compiling source file ..\..\..\addons\ofxImGui\libs\imgui\backends\imgui_impl_glfw_context_support.cpp)
C:\Users\User\OneDrive - Carleton University\of_v0.12.0_vs_release\libs\openFrameworks\math\ofMatrix4x4.h(914,11): warning C4267: 'argument': conversion from 'size_t' to 'int', possible loss of data (compiling source file ..\..\..\addons\ofxImGui\libs\imgui\backends\imgui_impl_glfw_context_support.cpp)
C:\Users\User\OneDrive - Carleton University\of_v0.12.0_vs_release\libs\openFrameworks\math\ofMatrix4x4.h(915,11): warning C4267: 'argument': conversion from 'size_t' to 'int', possible loss of data (compiling source file ..\..\..\addons\ofxImGui\libs\imgui\backends\imgui_impl_glfw_context_support.cpp)
C:\Users\User\OneDrive - Carleton University\of_v0.12.0_vs_release\libs\openFrameworks\math\ofMatrix4x4.h(326,20): warning C4267: 'argument': conversion from 'size_t' to 'int', possible loss of data (compiling source file ..\..\..\addons\ofxImGui\libs\imgui\backends\imgui_impl_glfw.cpp)
C:\Users\User\OneDrive - Carleton University\of_v0.12.0_vs_release\libs\openFrameworks\math\ofMatrix4x4.h(331,20): warning C4267: 'argument': conversion from 'size_t' to 'int', possible loss of data (compiling source file ..\..\..\addons\ofxImGui\libs\imgui\backends\imgui_impl_glfw.cpp)
C:\Users\User\OneDrive - Carleton University\of_v0.12.0_vs_release\libs\openFrameworks\math\ofMatrix4x4.h(912,11): warning C4267: 'argument': conversion from 'size_t' to 'int', possible loss of data (compiling source file ..\..\..\addons\ofxImGui\libs\imgui\backends\imgui_impl_glfw.cpp)
C:\Users\User\OneDrive - Carleton University\of_v0.12.0_vs_release\libs\openFrameworks\math\ofMatrix4x4.h(913,11): warning C4267: 'argument': conversion from 'size_t' to 'int', possible loss of data (compiling source file ..\..\..\addons\ofxImGui\libs\imgui\backends\imgui_impl_glfw.cpp)
C:\Users\User\OneDrive - Carleton University\of_v0.12.0_vs_release\libs\openFrameworks\math\ofMatrix4x4.h(914,11): warning C4267: 'argument': conversion from 'size_t' to 'int', possible loss of data (compiling source file ..\..\..\addons\ofxImGui\libs\imgui\backends\imgui_impl_glfw.cpp)
C:\Users\User\OneDrive - Carleton University\of_v0.12.0_vs_release\libs\openFrameworks\math\ofMatrix4x4.h(915,11): warning C4267: 'argument': conversion from 'size_t' to 'int', possible loss of data (compiling source file ..\..\..\addons\ofxImGui\libs\imgui\backends\imgui_impl_glfw.cpp)
C:\Users\User\OneDrive - Carleton University\of_v0.12.0_vs_release\libs\openFrameworks\math\ofMatrix4x4.h(326,20): warning C4267: 'argument': conversion from 'size_t' to 'int', possible loss of data (compiling source file ..\..\..\addons\ofxImGui\libs\imgui\backends\imgui_impl_opengl3.cpp)
C:\Users\User\OneDrive - Carleton University\of_v0.12.0_vs_release\libs\openFrameworks\math\ofMatrix4x4.h(331,20): warning C4267: 'argument': conversion from 'size_t' to 'int', possible loss of data (compiling source file ..\..\..\addons\ofxImGui\libs\imgui\backends\imgui_impl_opengl3.cpp)
C:\Users\User\OneDrive - Carleton University\of_v0.12.0_vs_release\libs\openFrameworks\math\ofMatrix4x4.h(912,11): warning C4267: 'argument': conversion from 'size_t' to 'int', possible loss of data (compiling source file ..\..\..\addons\ofxImGui\libs\imgui\backends\imgui_impl_opengl3.cpp)
C:\Users\User\OneDrive - Carleton University\of_v0.12.0_vs_release\libs\openFrameworks\math\ofMatrix4x4.h(913,11): warning C4267: 'argument': conversion from 'size_t' to 'int', possible loss of data (compiling source file ..\..\..\addons\ofxImGui\libs\imgui\backends\imgui_impl_opengl3.cpp)
C:\Users\User\OneDrive - Carleton University\of_v0.12.0_vs_release\libs\openFrameworks\math\ofMatrix4x4.h(914,11): warning C4267: 'argument': conversion from 'size_t' to 'int', possible loss of data (compiling source file ..\..\..\addons\ofxImGui\libs\imgui\backends\imgui_impl_opengl3.cpp)
C:\Users\User\OneDrive - Carleton University\of_v0.12.0_vs_release\libs\openFrameworks\math\ofMatrix4x4.h(915,11): warning C4267: 'argument': conversion from 'size_t' to 'int', possible loss of data (compiling source file ..\..\..\addons\ofxImGui\libs\imgui\backends\imgui_impl_opengl3.cpp)
C:\Users\User\OneDrive - Carleton University\of_v0.12.0_vs_release\libs\openFrameworks\math\ofMatrix4x4.h(326,20): warning C4267: 'argument': conversion from 'size_t' to 'int', possible loss of data (compiling source file ..\..\..\addons\ofxImGui\libs\imgui\backends\imgui_impl_opengl2.cpp)
C:\Users\User\OneDrive - Carleton University\of_v0.12.0_vs_release\libs\openFrameworks\math\ofMatrix4x4.h(331,20): warning C4267: 'argument': conversion from 'size_t' to 'int', possible loss of data (compiling source file ..\..\..\addons\ofxImGui\libs\imgui\backends\imgui_impl_opengl2.cpp)
C:\Users\User\OneDrive - Carleton University\of_v0.12.0_vs_release\libs\openFrameworks\math\ofMatrix4x4.h(912,11): warning C4267: 'argument': conversion from 'size_t' to 'int', possible loss of data (compiling source file ..\..\..\addons\ofxImGui\libs\imgui\backends\imgui_impl_opengl2.cpp)
C:\Users\User\OneDrive - Carleton University\of_v0.12.0_vs_release\libs\openFrameworks\math\ofMatrix4x4.h(913,11): warning C4267: 'argument': conversion from 'size_t' to 'int', possible loss of data (compiling source file ..\..\..\addons\ofxImGui\libs\imgui\backends\imgui_impl_opengl2.cpp)
C:\Users\User\OneDrive - Carleton University\of_v0.12.0_vs_release\libs\openFrameworks\math\ofMatrix4x4.h(914,11): warning C4267: 'argument': conversion from 'size_t' to 'int', possible loss of data (compiling source file ..\..\..\addons\ofxImGui\libs\imgui\backends\imgui_impl_opengl2.cpp)
C:\Users\User\OneDrive - Carleton University\of_v0.12.0_vs_release\libs\openFrameworks\math\ofMatrix4x4.h(915,11): warning C4267: 'argument': conversion from 'size_t' to 'int', possible loss of data (compiling source file ..\..\..\addons\ofxImGui\libs\imgui\backends\imgui_impl_opengl2.cpp)
C:\Users\User\OneDrive - Carleton University\of_v0.12.0_vs_release\addons\ofxImGui\libs\imgui\backends\imgui_impl_glfw.cpp(140,1): warning C4099: 'ImGui_ImplGlfw_Data': type name first seen using 'class' now seen using 'struct'
C:\Users\User\OneDrive - Carleton University\of_v0.12.0_vs_release\addons\ofxImGui\libs\imgui\backends\imgui_impl_glfw.cpp(139,8): message : see declaration of 'ImGui_ImplGlfw_Data'
  imgui_stdlib.cpp
C:\Users\User\OneDrive - Carleton University\of_v0.12.0_vs_release\libs\openFrameworks\math\ofMatrix4x4.h(326,20): warning C4267: 'argument': conversion from 'size_t' to 'int', possible loss of data
C:\Users\User\OneDrive - Carleton University\of_v0.12.0_vs_release\libs\openFrameworks\math\ofMatrix4x4.h(331,20): warning C4267: 'argument': conversion from 'size_t' to 'int', possible loss of data
C:\Users\User\OneDrive - Carleton University\of_v0.12.0_vs_release\libs\openFrameworks\math\ofMatrix4x4.h(912,11): warning C4267: 'argument': conversion from 'size_t' to 'int', possible loss of data
C:\Users\User\OneDrive - Carleton University\of_v0.12.0_vs_release\libs\openFrameworks\math\ofMatrix4x4.h(913,11): warning C4267: 'argument': conversion from 'size_t' to 'int', possible loss of data
C:\Users\User\OneDrive - Carleton University\of_v0.12.0_vs_release\libs\openFrameworks\math\ofMatrix4x4.h(914,11): warning C4267: 'argument': conversion from 'size_t' to 'int', possible loss of data
C:\Users\User\OneDrive - Carleton University\of_v0.12.0_vs_release\libs\openFrameworks\math\ofMatrix4x4.h(915,11): warning C4267: 'argument': conversion from 'size_t' to 'int', possible loss of data
  imgui.cpp
  imgui_demo.cpp
  imgui_draw.cpp
  imgui_tables.cpp
  imgui_widgets.cpp
C:\Users\User\OneDrive - Carleton University\of_v0.12.0_vs_release\libs\openFrameworks\math\ofMatrix4x4.h(326,20): warning C4267: 'argument': conversion from 'size_t' to 'int', possible loss of data (compiling source file ..\..\..\addons\ofxImGui\libs\imgui\src\imgui_demo.cpp)
C:\Users\User\OneDrive - Carleton University\of_v0.12.0_vs_release\libs\openFrameworks\math\ofMatrix4x4.h(326,20): warning C4267: 'argument': conversion from 'size_t' to 'int', possible loss of data (compiling source file ..\..\..\addons\ofxImGui\libs\imgui\src\imgui_draw.cpp)
C:\Users\User\OneDrive - Carleton University\of_v0.12.0_vs_release\libs\openFrameworks\math\ofMatrix4x4.h(331,20): warning C4267: 'argument': conversion from 'size_t' to 'int', possible loss of data (compiling source file ..\..\..\addons\ofxImGui\libs\imgui\src\imgui_demo.cpp)
C:\Users\User\OneDrive - Carleton University\of_v0.12.0_vs_release\libs\openFrameworks\math\ofMatrix4x4.h(331,20): warning C4267: 'argument': conversion from 'size_t' to 'int', possible loss of data (compiling source file ..\..\..\addons\ofxImGui\libs\imgui\src\imgui_draw.cpp)
C:\Users\User\OneDrive - Carleton University\of_v0.12.0_vs_release\libs\openFrameworks\math\ofMatrix4x4.h(912,11): warning C4267: 'argument': conversion from 'size_t' to 'int', possible loss of data (compiling source file ..\..\..\addons\ofxImGui\libs\imgui\src\imgui_demo.cpp)
C:\Users\User\OneDrive - Carleton University\of_v0.12.0_vs_release\libs\openFrameworks\math\ofMatrix4x4.h(912,11): warning C4267: 'argument': conversion from 'size_t' to 'int', possible loss of data (compiling source file ..\..\..\addons\ofxImGui\libs\imgui\src\imgui_draw.cpp)
C:\Users\User\OneDrive - Carleton University\of_v0.12.0_vs_release\libs\openFrameworks\math\ofMatrix4x4.h(913,11): warning C4267: 'argument': conversion from 'size_t' to 'int', possible loss of data (compiling source file ..\..\..\addons\ofxImGui\libs\imgui\src\imgui_demo.cpp)
C:\Users\User\OneDrive - Carleton University\of_v0.12.0_vs_release\libs\openFrameworks\math\ofMatrix4x4.h(913,11): warning C4267: 'argument': conversion from 'size_t' to 'int', possible loss of data (compiling source file ..\..\..\addons\ofxImGui\libs\imgui\src\imgui_draw.cpp)
C:\Users\User\OneDrive - Carleton University\of_v0.12.0_vs_release\libs\openFrameworks\math\ofMatrix4x4.h(914,11): warning C4267: 'argument': conversion from 'size_t' to 'int', possible loss of data (compiling source file ..\..\..\addons\ofxImGui\libs\imgui\src\imgui_draw.cpp)
C:\Users\User\OneDrive - Carleton University\of_v0.12.0_vs_release\libs\openFrameworks\math\ofMatrix4x4.h(914,11): warning C4267: 'argument': conversion from 'size_t' to 'int', possible loss of data (compiling source file ..\..\..\addons\ofxImGui\libs\imgui\src\imgui_demo.cpp)
C:\Users\User\OneDrive - Carleton University\of_v0.12.0_vs_release\libs\openFrameworks\math\ofMatrix4x4.h(915,11): warning C4267: 'argument': conversion from 'size_t' to 'int', possible loss of data (compiling source file ..\..\..\addons\ofxImGui\libs\imgui\src\imgui_draw.cpp)
C:\Users\User\OneDrive - Carleton University\of_v0.12.0_vs_release\libs\openFrameworks\math\ofMatrix4x4.h(326,20): warning C4267: 'argument': conversion from 'size_t' to 'int', possible loss of data (compiling source file ..\..\..\addons\ofxImGui\libs\imgui\src\imgui_tables.cpp)
C:\Users\User\OneDrive - Carleton University\of_v0.12.0_vs_release\libs\openFrameworks\math\ofMatrix4x4.h(915,11): warning C4267: 'argument': conversion from 'size_t' to 'int', possible loss of data (compiling source file ..\..\..\addons\ofxImGui\libs\imgui\src\imgui_demo.cpp)
C:\Users\User\OneDrive - Carleton University\of_v0.12.0_vs_release\libs\openFrameworks\math\ofMatrix4x4.h(331,20): warning C4267: 'argument': conversion from 'size_t' to 'int', possible loss of data (compiling source file ..\..\..\addons\ofxImGui\libs\imgui\src\imgui_tables.cpp)
C:\Users\User\OneDrive - Carleton University\of_v0.12.0_vs_release\libs\openFrameworks\math\ofMatrix4x4.h(326,20): warning C4267: 'argument': conversion from 'size_t' to 'int', possible loss of data (compiling source file ..\..\..\addons\ofxImGui\libs\imgui\src\imgui_widgets.cpp)
C:\Users\User\OneDrive - Carleton University\of_v0.12.0_vs_release\libs\openFrameworks\math\ofMatrix4x4.h(331,20): warning C4267: 'argument': conversion from 'size_t' to 'int', possible loss of data (compiling source file ..\..\..\addons\ofxImGui\libs\imgui\src\imgui_widgets.cpp)
C:\Users\User\OneDrive - Carleton University\of_v0.12.0_vs_release\libs\openFrameworks\math\ofMatrix4x4.h(912,11): warning C4267: 'argument': conversion from 'size_t' to 'int', possible loss of data (compiling source file ..\..\..\addons\ofxImGui\libs\imgui\src\imgui_tables.cpp)
C:\Users\User\OneDrive - Carleton University\of_v0.12.0_vs_release\libs\openFrameworks\math\ofMatrix4x4.h(913,11): warning C4267: 'argument': conversion from 'size_t' to 'int', possible loss of data (compiling source file ..\..\..\addons\ofxImGui\libs\imgui\src\imgui_tables.cpp)
C:\Users\User\OneDrive - Carleton University\of_v0.12.0_vs_release\libs\openFrameworks\math\ofMatrix4x4.h(914,11): warning C4267: 'argument': conversion from 'size_t' to 'int', possible loss of data (compiling source file ..\..\..\addons\ofxImGui\libs\imgui\src\imgui_tables.cpp)
C:\Users\User\OneDrive - Carleton University\of_v0.12.0_vs_release\libs\openFrameworks\math\ofMatrix4x4.h(915,11): warning C4267: 'argument': conversion from 'size_t' to 'int', possible loss of data (compiling source file ..\..\..\addons\ofxImGui\libs\imgui\src\imgui_tables.cpp)
C:\Users\User\OneDrive - Carleton University\of_v0.12.0_vs_release\libs\openFrameworks\math\ofMatrix4x4.h(912,11): warning C4267: 'argument': conversion from 'size_t' to 'int', possible loss of data (compiling source file ..\..\..\addons\ofxImGui\libs\imgui\src\imgui_widgets.cpp)
C:\Users\User\OneDrive - Carleton University\of_v0.12.0_vs_release\libs\openFrameworks\math\ofMatrix4x4.h(913,11): warning C4267: 'argument': conversion from 'size_t' to 'int', possible loss of data (compiling source file ..\..\..\addons\ofxImGui\libs\imgui\src\imgui_widgets.cpp)
C:\Users\User\OneDrive - Carleton University\of_v0.12.0_vs_release\libs\openFrameworks\math\ofMatrix4x4.h(914,11): warning C4267: 'argument': conversion from 'size_t' to 'int', possible loss of data (compiling source file ..\..\..\addons\ofxImGui\libs\imgui\src\imgui_widgets.cpp)
C:\Users\User\OneDrive - Carleton University\of_v0.12.0_vs_release\libs\openFrameworks\math\ofMatrix4x4.h(915,11): warning C4267: 'argument': conversion from 'size_t' to 'int', possible loss of data (compiling source file ..\..\..\addons\ofxImGui\libs\imgui\src\imgui_widgets.cpp)
C:\Users\User\OneDrive - Carleton University\of_v0.12.0_vs_release\libs\openFrameworks\math\ofMatrix4x4.h(326,20): warning C4267: 'argument': conversion from 'size_t' to 'int', possible loss of data (compiling source file ..\..\..\addons\ofxImGui\libs\imgui\src\imgui.cpp)
C:\Users\User\OneDrive - Carleton University\of_v0.12.0_vs_release\libs\openFrameworks\math\ofMatrix4x4.h(331,20): warning C4267: 'argument': conversion from 'size_t' to 'int', possible loss of data (compiling source file ..\..\..\addons\ofxImGui\libs\imgui\src\imgui.cpp)
C:\Users\User\OneDrive - Carleton University\of_v0.12.0_vs_release\libs\openFrameworks\math\ofMatrix4x4.h(912,11): warning C4267: 'argument': conversion from 'size_t' to 'int', possible loss of data (compiling source file ..\..\..\addons\ofxImGui\libs\imgui\src\imgui.cpp)
C:\Users\User\OneDrive - Carleton University\of_v0.12.0_vs_release\libs\openFrameworks\math\ofMatrix4x4.h(913,11): warning C4267: 'argument': conversion from 'size_t' to 'int', possible loss of data (compiling source file ..\..\..\addons\ofxImGui\libs\imgui\src\imgui.cpp)
C:\Users\User\OneDrive - Carleton University\of_v0.12.0_vs_release\libs\openFrameworks\math\ofMatrix4x4.h(914,11): warning C4267: 'argument': conversion from 'size_t' to 'int', possible loss of data (compiling source file ..\..\..\addons\ofxImGui\libs\imgui\src\imgui.cpp)
C:\Users\User\OneDrive - Carleton University\of_v0.12.0_vs_release\libs\openFrameworks\math\ofMatrix4x4.h(915,11): warning C4267: 'argument': conversion from 'size_t' to 'int', possible loss of data (compiling source file ..\..\..\addons\ofxImGui\libs\imgui\src\imgui.cpp)
LINK : warning LNK4075: ignoring '/INCREMENTAL' due to '/FORCE' specification
  spaceProject.vcxproj -> C:\Users\User\OneDrive - Carleton University\of_v0.12.0_vs_release\apps\myApps\spaceProject\bin\spaceProject_debug.exe
  
  	                   2	C:\Users\User\OneDrive - Carleton University\of_v0.12.0_vs_release\libs\fmod\lib\vs\x64\
  	  *EXTRA File 		 6942208	C:\Users\User\OneDrive - Carleton University\of_v0.12.0_vs_release\apps\myApps\spaceProject\bin\FreeImage.dll
  	    Older     		 1826304	C:\Users\User\OneDrive - Carleton University\of_v0.12.0_vs_release\libs\fmod\lib\vs\x64\fmod.dll
  	    Older     		 2041856	C:\Users\User\OneDrive - Carleton University\of_v0.12.0_vs_release\libs\fmod\lib\vs\x64\fmodL.dll
  
  	                   1	C:\Users\User\OneDrive - Carleton University\of_v0.12.0_vs_release\libs\FreeImage\lib\vs\x64\
  	  *EXTRA File 		 1826304	C:\Users\User\OneDrive - Carleton University\of_v0.12.0_vs_release\apps\myApps\spaceProject\bin\fmod.dll
  	  *EXTRA File 		 2041856	C:\Users\User\OneDrive - Carleton University\of_v0.12.0_vs_release\apps\myApps\spaceProject\bin\fmodL.dll
  	    Older     		 6942208	C:\Users\User\OneDrive - Carleton University\of_v0.12.0_vs_release\libs\FreeImage\lib\vs\x64\FreeImage.dll
